2023-01-14 17:34:10 - TShock: INFO: TShock was improperly shut down. Please use the exit command in the future to prevent this.
2023-01-14 17:34:10 - TShock: INFO: TShock 5.1.3.0 (Thank you, everyone, for your support of TShock all these years! <3) now running.
2023-01-14 17:34:10 - TShock: INFO: AutoSave Enabled
2023-01-14 17:34:10 - TShock: INFO: Backups Enabled
2023-01-14 17:34:10 - TShock: INFO: Welcome to TShock for Terraria!
2023-01-14 17:34:10 - TShock: INFO: TShock comes with no warranty & is free software.
2023-01-14 17:34:10 - TShock: INFO: You can modify & distribute it under the terms of the GNU GPLv3.
2023-01-14 17:37:03 - TShock: INFO: Login before join enabled. Users may be prompted for an account specific password instead of a server password on connect.
2023-01-14 17:37:03 - TShock: INFO: Login using UUID enabled. Users automatically login via UUID.
2023-01-14 17:37:03 - TShock: INFO: A malicious server can easily steal a user's UUID. You may consider turning this option off if you run a public server.
2023-01-14 17:38:53 - GetDataHandlers: INFO: zhidomasson authenticated successfully as user zhidomasson.
2023-01-14 17:38:54 - TShock: INFO: zhidomasson (5.58.144.73) from 'owner' group joined. (1/8)
2023-01-14 17:38:54 - Utils: INFO: Broadcast: zhidomasson has joined.
2023-01-14 17:39:38 - Utils: INFO: Server executed: /group .
2023-01-14 17:42:01 - Utils: INFO: Server executed: /group addperm owner maptp.
2023-01-14 17:43:27 - Utils: INFO: Broadcast: zhidomasson has left.
2023-01-14 17:43:27 - TShock: INFO: zhidomasson disconnected.
2023-01-14 17:43:27 - Utils: INFO: Broadcast: Saving world...
2023-01-14 17:43:29 - Utils: INFO: Broadcast: World saved.
2023-01-14 17:43:29 - SaveManager: INFO: World saved at (C:\Users\Yehen\Documents\My Games\Terraria\Worlds\UEBKI.wld)
2023-01-14 17:43:33 - Utils: INFO: Server executed: /stop.
2023-01-14 17:43:33 - Utils: INFO: Broadcast: Saving world...
2023-01-14 17:43:35 - Utils: INFO: Broadcast: World saved.
2023-01-14 17:43:35 - SaveManager: INFO: World saved at (C:\Users\Yehen\Documents\My Games\Terraria\Worlds\UEBKI.wld)
2023-01-14 17:43:35 - Utils: INFO: Broadcast: Server shutting down!
2023-01-14 17:43:35 - Utils: INFO: Broadcast: Saving world...
