2023-01-15 00:09:43 - TShock: INFO: TShock was improperly shut down. Please use the exit command in the future to prevent this.
2023-01-15 00:09:43 - TShock: INFO: TShock 5.1.3.0 (Thank you, everyone, for your support of TShock all these years! <3) now running.
2023-01-15 00:09:43 - TShock: INFO: AutoSave Enabled
2023-01-15 00:09:43 - TShock: INFO: Backups Enabled
2023-01-15 00:09:43 - TShock: INFO: Welcome to TShock for Terraria!
2023-01-15 00:09:43 - TShock: INFO: TShock comes with no warranty & is free software.
2023-01-15 00:09:43 - TShock: INFO: You can modify & distribute it under the terms of the GNU GPLv3.
2023-01-15 00:10:23 - TShock: INFO: Login before join enabled. Users may be prompted for an account specific password instead of a server password on connect.
2023-01-15 00:10:23 - TShock: INFO: Login using UUID enabled. Users automatically login via UUID.
2023-01-15 00:10:23 - TShock: INFO: A malicious server can easily steal a user's UUID. You may consider turning this option off if you run a public server.
2023-01-15 00:12:40 - TShock: INFO: Лемур (31.144.132.247) from 'guest' group joined. (1/8)
2023-01-15 00:12:40 - Utils: INFO: Broadcast: Лемур has joined.
2023-01-15 00:13:05 - Utils: INFO: Server executed (args omitted): /user.
2023-01-15 00:13:10 - Utils: INFO: Server executed (args omitted): /user.
2023-01-15 00:13:56 - Utils: INFO: Server executed (args omitted): /user.
2023-01-15 00:16:04 - Utils: INFO: Server executed (args omitted): /user.
2023-01-15 00:16:20 - Utils: INFO: Server executed (args omitted): /user.
2023-01-15 00:16:32 - Utils: INFO: Server executed: /clear.
2023-01-15 00:19:43 - Utils: INFO: Broadcast: Saving world...
2023-01-15 00:19:44 - Utils: INFO: Broadcast: World saved.
2023-01-15 00:19:44 - SaveManager: INFO: World saved at (tshock\backups\UEBKI.wld.2023-01-14T22.19.43Z.bak)
2023-01-15 00:19:44 - BackupManager: INFO: World backed up (tshock\backups\UEBKI.wld.2023-01-14T22.19.43Z.bak).
2023-01-15 00:22:36 - Utils: INFO: Broadcast: Saving world...
2023-01-15 00:25:27 - GetDataHandlers: INFO: 1000-7 authenticated successfully as user 1000-7.
2023-01-15 00:25:29 - TShock: INFO: 1000-7 (192.162.32.207) from 'default' group joined. (2/8)
2023-01-15 00:25:29 - Utils: INFO: Broadcast: 1000-7 has joined.
2023-01-15 00:26:08 - Utils: INFO: 1000-7 executed: /tp Лемур.
2023-01-15 00:29:43 - Utils: INFO: Broadcast: Saving world...
2023-01-15 00:29:44 - Utils: INFO: Broadcast: World saved.
2023-01-15 00:29:44 - SaveManager: INFO: World saved at (tshock\backups\UEBKI.wld.2023-01-14T22.29.43Z.bak)
2023-01-15 00:29:44 - BackupManager: INFO: World backed up (tshock\backups\UEBKI.wld.2023-01-14T22.29.43Z.bak).
2023-01-15 00:32:36 - Utils: INFO: Broadcast: Saving world...
2023-01-15 00:35:15 - Utils: INFO: Broadcast: Лемур has left.
2023-01-15 00:35:15 - TShock: INFO: Лемур disconnected.
2023-01-15 00:35:40 - TShock: INFO: Лемур (31.144.132.247) from 'guest' group joined. (2/8)
2023-01-15 00:35:40 - Utils: INFO: Broadcast: Лемур has joined.
2023-01-15 00:36:01 - Utils: INFO: Broadcast: Лемур has left.
2023-01-15 00:36:01 - TShock: INFO: Лемур disconnected.
2023-01-15 00:36:23 - TShock: INFO: Лемур (194.28.176.47) from 'guest' group joined. (2/8)
2023-01-15 00:36:23 - Utils: INFO: Broadcast: Лемур has joined.
2023-01-15 00:36:36 - Utils: INFO: Broadcast: Лемур has left.
2023-01-15 00:36:36 - TShock: INFO: Лемур disconnected.
2023-01-15 00:36:47 - TShock: INFO: Лемур (31.144.132.247) from 'guest' group joined. (2/8)
2023-01-15 00:36:47 - Utils: INFO: Broadcast: Лемур has joined.
2023-01-15 00:36:51 - TShock: INFO: Broadcast: Лемур has left.
2023-01-15 00:36:51 - HandlerCollection`1: INFO: Лемур disconnected.
2023-01-15 00:37:08 - TShock: INFO: Broadcast: 1000-7 has left.
2023-01-15 00:37:08 - HandlerCollection`1: INFO: 1000-7 disconnected.
2023-01-15 00:37:08 - Utils: INFO: Broadcast: Saving world...
2023-01-15 00:37:09 - SaveManager: INFO: Broadcast: World saved.
2023-01-15 00:37:09 - StartHelper: INFO: World saved at (C:\Users\Yehen\Documents\My Games\Terraria\Worlds\UEBKI.wld)
2023-01-15 00:37:16 - HandlerCollection`1: INFO: Лемур (31.144.132.247) from 'guest' group joined. (1/8)
2023-01-15 00:37:16 - Utils: INFO: Broadcast: Лемур has joined.
2023-01-15 00:37:18 - Commands: INFO: Server executed: /stop.
2023-01-15 00:37:18 - Utils: INFO: Broadcast: Saving world...
2023-01-15 00:37:18 - SaveManager: INFO: Broadcast: World saved.
2023-01-15 00:37:18 - StartHelper: INFO: World saved at (C:\Users\Yehen\Documents\My Games\Terraria\Worlds\UEBKI.wld)
2023-01-15 00:37:18 - Utils: INFO: Broadcast: Server shutting down!
2023-01-15 00:37:18 - Utils: INFO: Broadcast: Saving world...
