2023-01-14 19:38:28 - TShock: INFO: TShock 5.1.3.0 (Thank you, everyone, for your support of TShock all these years! <3) now running.
2023-01-14 19:38:28 - TShock: INFO: AutoSave Enabled
2023-01-14 19:38:28 - TShock: INFO: Backups Enabled
2023-01-14 19:38:28 - TShock: INFO: Welcome to TShock for Terraria!
2023-01-14 19:38:28 - TShock: INFO: TShock comes with no warranty & is free software.
2023-01-14 19:38:28 - TShock: INFO: You can modify & distribute it under the terms of the GNU GPLv3.
2023-01-14 19:38:46 - TShock: INFO: Login before join enabled. Users may be prompted for an account specific password instead of a server password on connect.
2023-01-14 19:38:46 - TShock: INFO: Login using UUID enabled. Users automatically login via UUID.
2023-01-14 19:38:46 - TShock: INFO: A malicious server can easily steal a user's UUID. You may consider turning this option off if you run a public server.
2023-01-14 19:41:12 - GetDataHandlers: INFO: 1000-7 authenticated successfully as user 1000-7.
2023-01-14 19:41:13 - TShock: INFO: 1000-7 (192.162.32.207) from 'default' group joined. (1/8)
2023-01-14 19:41:13 - Utils: INFO: Broadcast: 1000-7 has joined.
2023-01-14 19:48:28 - Utils: INFO: Broadcast: Saving world...
2023-01-14 19:48:30 - Utils: INFO: Broadcast: World saved.
2023-01-14 19:48:30 - SaveManager: INFO: World saved at (tshock\backups\UEBKI.wld.2023-01-14T17.48.28Z.bak)
2023-01-14 19:48:30 - BackupManager: INFO: World backed up (tshock\backups\UEBKI.wld.2023-01-14T17.48.28Z.bak).
2023-01-14 19:49:38 - Utils: INFO: Server executed: /say.
2023-01-14 19:49:48 - Utils: INFO: Server executed: /say мать єбав.
2023-01-14 19:49:48 - Utils: INFO: Broadcast: (Server Broadcast) мать єбав
2023-01-14 19:50:11 - Utils: INFO: Server executed: /say чекни кст мем в чат кинув в тг.
2023-01-14 19:50:11 - Utils: INFO: Broadcast: (Server Broadcast) чекни кст мем в чат кинув в тг
2023-01-14 19:50:47 - Utils: INFO: Broadcast: Saving world...
2023-01-14 19:58:28 - Utils: INFO: Broadcast: Saving world...
2023-01-14 19:58:30 - Utils: INFO: Broadcast: World saved.
2023-01-14 19:58:30 - SaveManager: INFO: World saved at (tshock\backups\UEBKI.wld.2023-01-14T17.58.28Z.bak)
2023-01-14 19:58:30 - BackupManager: INFO: World backed up (tshock\backups\UEBKI.wld.2023-01-14T17.58.28Z.bak).
2023-01-14 20:00:47 - Utils: INFO: Broadcast: Saving world...
2023-01-14 20:08:28 - Utils: INFO: Broadcast: Saving world...
2023-01-14 20:08:29 - Utils: INFO: Broadcast: World saved.
2023-01-14 20:08:29 - SaveManager: INFO: World saved at (tshock\backups\UEBKI.wld.2023-01-14T18.08.28Z.bak)
2023-01-14 20:08:29 - BackupManager: INFO: World backed up (tshock\backups\UEBKI.wld.2023-01-14T18.08.28Z.bak).
2023-01-14 20:10:47 - Utils: INFO: Broadcast: Saving world...
2023-01-14 20:18:28 - Utils: INFO: Broadcast: Saving world...
2023-01-14 20:18:29 - Utils: INFO: Broadcast: World saved.
2023-01-14 20:18:29 - SaveManager: INFO: World saved at (tshock\backups\UEBKI.wld.2023-01-14T18.18.28Z.bak)
2023-01-14 20:18:29 - BackupManager: INFO: World backed up (tshock\backups\UEBKI.wld.2023-01-14T18.18.28Z.bak).
2023-01-14 20:20:47 - Utils: INFO: Broadcast: Saving world...
2023-01-14 20:28:28 - Utils: INFO: Broadcast: Saving world...
2023-01-14 20:28:29 - Utils: INFO: Broadcast: World saved.
2023-01-14 20:28:29 - SaveManager: INFO: World saved at (tshock\backups\UEBKI.wld.2023-01-14T18.28.28Z.bak)
2023-01-14 20:28:29 - BackupManager: INFO: World backed up (tshock\backups\UEBKI.wld.2023-01-14T18.28.28Z.bak).
2023-01-14 20:30:36 - GetDataHandlers: INFO: zhidomasson authenticated successfully as user zhidomasson.
2023-01-14 20:30:39 - TShock: INFO: zhidomasson (5.58.144.73) from 'owner' group joined. (2/8)
2023-01-14 20:30:39 - Utils: INFO: Broadcast: zhidomasson has joined.
2023-01-14 20:30:47 - Utils: INFO: Broadcast: Saving world...
2023-01-14 20:37:07 - TShock: INFO: Broadcast: zhidomasson has left.
2023-01-14 20:37:07 - HandlerCollection`1: INFO: zhidomasson disconnected.
2023-01-14 20:38:28 - Utils: INFO: Broadcast: Saving world...
2023-01-14 20:38:31 - SaveManager: INFO: Broadcast: World saved.
2023-01-14 20:38:31 - StartHelper: INFO: World saved at (tshock\backups\UEBKI.wld.2023-01-14T18.38.28Z.bak)
2023-01-14 20:38:31 - BackupManager: INFO: World backed up (tshock\backups\UEBKI.wld.2023-01-14T18.38.28Z.bak).
2023-01-14 20:40:47 - Utils: INFO: Broadcast: Saving world...
2023-01-14 20:48:28 - Utils: INFO: Broadcast: Saving world...
2023-01-14 20:48:30 - SaveManager: INFO: Broadcast: World saved.
2023-01-14 20:48:30 - StartHelper: INFO: World saved at (tshock\backups\UEBKI.wld.2023-01-14T18.48.28Z.bak)
2023-01-14 20:48:30 - BackupManager: INFO: World backed up (tshock\backups\UEBKI.wld.2023-01-14T18.48.28Z.bak).
2023-01-14 20:50:47 - Utils: INFO: Broadcast: Saving world...
2023-01-14 20:58:28 - Utils: INFO: Broadcast: Saving world...
2023-01-14 20:58:30 - SaveManager: INFO: Broadcast: World saved.
2023-01-14 20:58:30 - StartHelper: INFO: World saved at (tshock\backups\UEBKI.wld.2023-01-14T18.58.28Z.bak)
2023-01-14 20:58:30 - BackupManager: INFO: World backed up (tshock\backups\UEBKI.wld.2023-01-14T18.58.28Z.bak).
2023-01-14 21:00:47 - Utils: INFO: Broadcast: Saving world...
2023-01-14 21:08:28 - Utils: INFO: Broadcast: Saving world...
2023-01-14 21:08:30 - SaveManager: INFO: Broadcast: World saved.
2023-01-14 21:08:30 - StartHelper: INFO: World saved at (tshock\backups\UEBKI.wld.2023-01-14T19.08.28Z.bak)
2023-01-14 21:08:30 - BackupManager: INFO: World backed up (tshock\backups\UEBKI.wld.2023-01-14T19.08.28Z.bak).
2023-01-14 21:10:47 - SaveManager: INFO: Broadcast: Saving world...
2023-01-14 21:18:28 - SaveManager: INFO: Broadcast: Saving world...
2023-01-14 21:18:30 - StartHelper: INFO: Broadcast: World saved.
2023-01-14 21:18:30 - StartHelper: INFO: World saved at (tshock\backups\UEBKI.wld.2023-01-14T19.18.28Z.bak)
2023-01-14 21:18:30 - BackupManager: INFO: World backed up (tshock\backups\UEBKI.wld.2023-01-14T19.18.28Z.bak).
2023-01-14 21:20:47 - SaveManager: INFO: Broadcast: Saving world...
2023-01-14 21:28:28 - SaveManager: INFO: Broadcast: Saving world...
2023-01-14 21:28:30 - StartHelper: INFO: Broadcast: World saved.
2023-01-14 21:28:30 - StartHelper: INFO: World saved at (tshock\backups\UEBKI.wld.2023-01-14T19.28.28Z.bak)
2023-01-14 21:28:30 - BackupManager: INFO: World backed up (tshock\backups\UEBKI.wld.2023-01-14T19.28.28Z.bak).
2023-01-14 21:30:48 - SaveManager: INFO: Broadcast: Saving world...
2023-01-14 21:38:28 - SaveManager: INFO: Broadcast: Saving world...
2023-01-14 21:38:30 - StartHelper: INFO: Broadcast: World saved.
2023-01-14 21:38:30 - StartHelper: INFO: World saved at (tshock\backups\UEBKI.wld.2023-01-14T19.38.28Z.bak)
2023-01-14 21:38:30 - BackupManager: INFO: World backed up (tshock\backups\UEBKI.wld.2023-01-14T19.38.28Z.bak).
2023-01-14 21:40:48 - SaveManager: INFO: Broadcast: Saving world...
2023-01-14 21:48:28 - SaveManager: INFO: Broadcast: Saving world...
2023-01-14 21:48:30 - StartHelper: INFO: Broadcast: World saved.
2023-01-14 21:48:30 - StartHelper: INFO: World saved at (tshock\backups\UEBKI.wld.2023-01-14T19.48.28Z.bak)
2023-01-14 21:48:30 - BackupManager: INFO: World backed up (tshock\backups\UEBKI.wld.2023-01-14T19.48.28Z.bak).
2023-01-14 21:50:48 - SaveManager: INFO: Broadcast: Saving world...
2023-01-14 21:58:28 - SaveManager: INFO: Broadcast: Saving world...
2023-01-14 21:58:30 - StartHelper: INFO: Broadcast: World saved.
2023-01-14 21:58:30 - StartHelper: INFO: World saved at (tshock\backups\UEBKI.wld.2023-01-14T19.58.28Z.bak)
2023-01-14 21:58:30 - BackupManager: INFO: World backed up (tshock\backups\UEBKI.wld.2023-01-14T19.58.28Z.bak).
2023-01-14 22:00:48 - SaveManager: INFO: Broadcast: Saving world...
2023-01-14 22:08:28 - SaveManager: INFO: Broadcast: Saving world...
2023-01-14 22:08:30 - StartHelper: INFO: Broadcast: World saved.
2023-01-14 22:08:30 - StartHelper: INFO: World saved at (tshock\backups\UEBKI.wld.2023-01-14T20.08.28Z.bak)
2023-01-14 22:08:30 - BackupManager: INFO: World backed up (tshock\backups\UEBKI.wld.2023-01-14T20.08.28Z.bak).
2023-01-14 22:10:48 - SaveManager: INFO: Broadcast: Saving world...
2023-01-14 22:18:28 - SaveManager: INFO: Broadcast: Saving world...
2023-01-14 22:18:29 - StartHelper: INFO: Broadcast: World saved.
2023-01-14 22:18:29 - StartHelper: INFO: World saved at (tshock\backups\UEBKI.wld.2023-01-14T20.18.28Z.bak)
2023-01-14 22:18:29 - BackupManager: INFO: World backed up (tshock\backups\UEBKI.wld.2023-01-14T20.18.28Z.bak).
2023-01-14 22:20:48 - HandlerCollection`1: INFO: Broadcast: Saving world...
2023-01-14 22:28:28 - HandlerCollection`1: INFO: Broadcast: Saving world...
2023-01-14 22:28:29 - StartHelper: INFO: Broadcast: World saved.
2023-01-14 22:28:29 - StartHelper: INFO: World saved at (tshock\backups\UEBKI.wld.2023-01-14T20.28.28Z.bak)
2023-01-14 22:28:29 - BackupManager: INFO: World backed up (tshock\backups\UEBKI.wld.2023-01-14T20.28.28Z.bak).
2023-01-14 22:30:48 - HandlerCollection`1: INFO: Broadcast: Saving world...
2023-01-14 22:38:28 - HandlerCollection`1: INFO: Broadcast: Saving world...
2023-01-14 22:38:29 - StartHelper: INFO: Broadcast: World saved.
2023-01-14 22:38:29 - StartHelper: INFO: World saved at (tshock\backups\UEBKI.wld.2023-01-14T20.38.28Z.bak)
2023-01-14 22:38:29 - BackupManager: INFO: World backed up (tshock\backups\UEBKI.wld.2023-01-14T20.38.28Z.bak).
2023-01-14 22:40:48 - HandlerCollection`1: INFO: Broadcast: Saving world...
2023-01-14 22:47:09 - Commands: INFO: Server executed: /save.
2023-01-14 22:47:09 - HandlerCollection`1: INFO: Broadcast: Saving world...
2023-01-14 22:47:10 - StartHelper: INFO: Broadcast: World saved.
2023-01-14 22:47:10 - StartHelper: INFO: World saved at (C:\Users\Yehen\Documents\My Games\Terraria\Worlds\UEBKI.wld)
2023-01-14 22:48:28 - HandlerCollection`1: INFO: Broadcast: Saving world...
2023-01-14 22:48:30 - StartHelper: INFO: Broadcast: World saved.
2023-01-14 22:48:30 - StartHelper: INFO: World saved at (tshock\backups\UEBKI.wld.2023-01-14T20.48.28Z.bak)
2023-01-14 22:48:30 - BackupManager: INFO: World backed up (tshock\backups\UEBKI.wld.2023-01-14T20.48.28Z.bak).
2023-01-14 22:50:48 - HandlerCollection`1: INFO: Broadcast: Saving world...
2023-01-14 22:53:42 - Commands: INFO: Server executed: /save.
2023-01-14 22:53:42 - HandlerCollection`1: INFO: Broadcast: Saving world...
2023-01-14 22:53:44 - StartHelper: INFO: Broadcast: World saved.
2023-01-14 22:53:44 - StartHelper: INFO: World saved at (C:\Users\Yehen\Documents\My Games\Terraria\Worlds\UEBKI.wld)
2023-01-14 22:54:20 - Commands: INFO: Server executed: /save.
2023-01-14 22:54:20 - HandlerCollection`1: INFO: Broadcast: Saving world...
2023-01-14 22:54:21 - StartHelper: INFO: Broadcast: World saved.
2023-01-14 22:54:21 - StartHelper: INFO: World saved at (C:\Users\Yehen\Documents\My Games\Terraria\Worlds\UEBKI.wld)
