2023-01-15 03:10:25 - TShock: INFO: TShock was improperly shut down. Please use the exit command in the future to prevent this.
2023-01-15 03:10:25 - TShock: INFO: TShock 5.1.3.0 (Thank you, everyone, for your support of TShock all these years! <3) now running.
2023-01-15 03:10:25 - TShock: INFO: AutoSave Enabled
2023-01-15 03:10:25 - TShock: INFO: Backups Enabled
2023-01-15 03:10:25 - TShock: INFO: Welcome to TShock for Terraria!
2023-01-15 03:10:25 - TShock: INFO: TShock comes with no warranty & is free software.
2023-01-15 03:10:25 - TShock: INFO: You can modify & distribute it under the terms of the GNU GPLv3.
2023-01-15 03:10:45 - TShock: INFO: Login before join enabled. Users may be prompted for an account specific password instead of a server password on connect.
2023-01-15 03:10:45 - TShock: INFO: Login using UUID enabled. Users automatically login via UUID.
2023-01-15 03:10:45 - TShock: INFO: A malicious server can easily steal a user's UUID. You may consider turning this option off if you run a public server.
2023-01-15 03:11:07 - GetDataHandlers: INFO: Лемур authenticated successfully as user Лемур.
2023-01-15 03:11:07 - GetDataHandlers: INFO: 1000-7 authenticated successfully as user 1000-7.
2023-01-15 03:11:08 - TShock: INFO: 1000-7 (192.162.32.207) from 'default' group joined. (1/8)
2023-01-15 03:11:08 - Utils: INFO: Broadcast: 1000-7 has joined.
2023-01-15 03:11:09 - TShock: INFO: Лемур (194.28.176.47) from 'default' group joined. (2/8)
2023-01-15 03:11:09 - Utils: INFO: Broadcast: Лемур has joined.
2023-01-15 03:12:08 - GetDataHandlers: INFO: zhidomasson authenticated successfully as user zhidomasson.
2023-01-15 03:12:11 - TShock: INFO: zhidomasson (5.58.144.73) from 'owner' group joined. (3/8)
2023-01-15 03:12:11 - Utils: INFO: Broadcast: zhidomasson has joined.
2023-01-15 03:12:46 - Utils: INFO: Лемур executed: /tp 1000-7.
2023-01-15 03:12:57 - Utils: INFO: Лемур executed: /tp zhidomasson.
2023-01-15 03:13:00 - Utils: INFO: 1000-7 executed: /tp zhidomasson.
2023-01-15 03:14:59 - Utils: INFO: zhidomasson executed: /tp 1000-7.
2023-01-15 03:15:09 - Utils: INFO: 1000-7 executed: /tp Лемур.
2023-01-15 03:16:07 - Utils: INFO: Broadcast: zhidomasson has left.
2023-01-15 03:16:07 - TShock: INFO: zhidomasson disconnected.
2023-01-15 03:16:34 - Utils: INFO: Broadcast: Лемур has left.
2023-01-15 03:16:34 - TShock: INFO: Лемур disconnected.
2023-01-15 03:16:41 - GetDataHandlers: INFO: Лемур authenticated successfully as user Лемур.
2023-01-15 03:16:43 - TShock: INFO: Лемур (194.28.176.47) from 'default' group joined. (2/8)
2023-01-15 03:16:43 - Utils: INFO: Broadcast: Лемур has joined.
2023-01-15 03:16:54 - GetDataHandlers: INFO: zhidomasson authenticated successfully as user zhidomasson.
2023-01-15 03:16:57 - TShock: INFO: zhidomasson (192.168.0.104) from 'owner' group joined. (3/8)
2023-01-15 03:16:57 - Utils: INFO: Broadcast: zhidomasson has joined.
2023-01-15 03:17:08 - Utils: INFO: Лемур executed: /tp 1000-7.
2023-01-15 03:20:25 - Utils: INFO: Broadcast: Saving world...
2023-01-15 03:20:30 - Utils: INFO: Broadcast: World saved.
2023-01-15 03:20:30 - SaveManager: INFO: World saved at (tshock\backups\UEBKI.wld.2023-01-15T01.20.25Z.bak)
2023-01-15 03:20:30 - BackupManager: INFO: World backed up (tshock\backups\UEBKI.wld.2023-01-15T01.20.25Z.bak).
2023-01-15 03:20:55 - Utils: INFO: Broadcast: Saving world...
2023-01-15 03:21:46 - Utils: INFO: 1000-7 executed: /tp Лемур.
2023-01-15 03:21:51 - Utils: INFO: zhidomasson executed: /kill Лемур.
2023-01-15 03:22:27 - Utils: INFO: zhidomasson executed: /time 21:00.
2023-01-15 03:22:52 - Utils: INFO: zhidomasson executed: /time 12:00.
2023-01-15 03:23:44 - Utils: INFO: Broadcast: Лемур has left.
2023-01-15 03:23:44 - TShock: INFO: Лемур disconnected.
2023-01-15 03:23:54 - GetDataHandlers: INFO: Лемур authenticated successfully as user Лемур.
2023-01-15 03:23:56 - TShock: INFO: Лемур (194.28.176.47) from 'default' group joined. (3/8)
2023-01-15 03:23:56 - Utils: INFO: Broadcast: Лемур has joined.
2023-01-15 03:24:19 - TSPlayer: INFO: Player 1000-7 has been disabled for Reached projectile create threshold..
2023-01-15 03:25:20 - Commands: INFO: 1000-7 executed: /tp zhidomasson.
2023-01-15 03:26:01 - TShock: INFO: Broadcast: Лемур has left.
2023-01-15 03:26:01 - HandlerCollection`1: INFO: Лемур disconnected.
2023-01-15 03:26:03 - Commands: INFO: zhidomasson executed: /time 21:00.
2023-01-15 03:26:06 - GetDataHandlers: INFO: Лемур authenticated successfully as user Лемур.
2023-01-15 03:26:08 - HandlerCollection`1: INFO: Лемур (194.28.176.47) from 'default' group joined. (3/8)
2023-01-15 03:26:08 - Utils: INFO: Broadcast: Лемур has joined.
2023-01-15 03:26:22 - Commands: INFO: Лемур executed: /tp 1000-7.
2023-01-15 03:26:45 - TSPlayer: INFO: Player Лемур has been disabled for Reached projectile create threshold..
2023-01-15 03:27:44 - Commands: INFO: zhidomasson executed: /spawn .
2023-01-15 03:27:45 - Commands: INFO: Лемур executed: /tp 1000-.
2023-01-15 03:28:24 - TSPlayer: INFO: Player 1000-7 has been disabled for Reached projectile create threshold..
2023-01-15 03:30:00 - Commands: INFO: zhidomasson executed: /spawnboss.
2023-01-15 03:30:20 - Commands: INFO: zhidomasson executed: /spawnboss skeleton.
2023-01-15 03:30:25 - Utils: INFO: Broadcast: Saving world...
2023-01-15 03:30:30 - SaveManager: INFO: Broadcast: World saved.
2023-01-15 03:30:30 - StartHelper: INFO: World saved at (tshock\backups\UEBKI.wld.2023-01-15T01.30.25Z.bak)
2023-01-15 03:30:30 - BackupManager: INFO: World backed up (tshock\backups\UEBKI.wld.2023-01-15T01.30.25Z.bak).
2023-01-15 03:30:55 - Utils: INFO: Broadcast: Saving world...
2023-01-15 03:31:26 - Commands: INFO: zhidomasson executed: /spawnboss skeleton.
2023-01-15 03:31:35 - Commands: INFO: zhidomasson executed: /spawnboss  sceleton.
2023-01-15 03:31:42 - Commands: INFO: zhidomasson executed: /spawnboss sceleton.
2023-01-15 03:31:53 - TShock: INFO: Broadcast: Лемур has left.
2023-01-15 03:31:53 - HandlerCollection`1: INFO: Лемур disconnected.
2023-01-15 03:32:00 - GetDataHandlers: INFO: Лемур authenticated successfully as user Лемур.
2023-01-15 03:32:02 - HandlerCollection`1: INFO: Лемур (194.28.176.47) from 'default' group joined. (3/8)
2023-01-15 03:32:02 - Utils: INFO: Broadcast: Лемур has joined.
2023-01-15 03:34:46 - TShock: INFO: Broadcast: zhidomasson:  /skeletron
2023-01-15 03:35:18 - TShock: INFO: Broadcast: Лемур has left.
2023-01-15 03:35:18 - HandlerCollection`1: INFO: Лемур disconnected.
2023-01-15 03:35:19 - Commands: INFO: zhidomasson executed: /spawnboss skeletron.
2023-01-15 03:35:26 - GetDataHandlers: INFO: Лемур authenticated successfully as user Лемур.
2023-01-15 03:35:27 - HandlerCollection`1: INFO: Лемур (194.28.176.47) from 'default' group joined. (3/8)
2023-01-15 03:35:27 - Utils: INFO: Broadcast: Лемур has joined.
2023-01-15 03:35:32 - Commands: INFO: 1000-7 executed: /tp zhidomasson.
2023-01-15 03:35:48 - TSPlayer: INFO: Player Лемур has been disabled for Reached projectile create threshold..
2023-01-15 03:36:09 - TSPlayer: INFO: Player 1000-7 has been disabled for Reached projectile create threshold..
2023-01-15 03:36:41 - Commands: INFO: zhidomasson executed: /spawnboss skeletron.
2023-01-15 03:40:25 - Utils: INFO: Broadcast: Saving world...
2023-01-15 03:40:30 - SaveManager: INFO: Broadcast: World saved.
2023-01-15 03:40:30 - StartHelper: INFO: World saved at (tshock\backups\UEBKI.wld.2023-01-15T01.40.25Z.bak)
2023-01-15 03:40:30 - BackupManager: INFO: World backed up (tshock\backups\UEBKI.wld.2023-01-15T01.40.25Z.bak).
2023-01-15 03:40:56 - Utils: INFO: Broadcast: Saving world...
2023-01-15 03:40:56 - TShock: INFO: Broadcast: Лемур has left.
2023-01-15 03:40:56 - HandlerCollection`1: INFO: Лемур disconnected.
2023-01-15 03:40:59 - GetDataHandlers: INFO: Лемур authenticated successfully as user Лемур.
2023-01-15 03:41:01 - HandlerCollection`1: INFO: Лемур (194.28.176.47) from 'default' group joined. (3/8)
2023-01-15 03:41:01 - Utils: INFO: Broadcast: Лемур has joined.
2023-01-15 03:44:00 - TSPlayer: INFO: Player Лемур has been disabled for Reached projectile create threshold..
2023-01-15 03:50:25 - Utils: INFO: Broadcast: Saving world...
2023-01-15 03:50:29 - SaveManager: INFO: Broadcast: World saved.
2023-01-15 03:50:29 - StartHelper: INFO: World saved at (tshock\backups\UEBKI.wld.2023-01-15T01.50.25Z.bak)
2023-01-15 03:50:29 - BackupManager: INFO: World backed up (tshock\backups\UEBKI.wld.2023-01-15T01.50.25Z.bak).
2023-01-15 03:50:56 - Utils: INFO: Broadcast: Saving world...
2023-01-15 03:53:29 - Commands: INFO: 1000-7 executed: /tp zhidomasson.
2023-01-15 03:57:09 - TShock: INFO: Broadcast: Лемур has left.
2023-01-15 03:57:09 - HandlerCollection`1: INFO: Лемур disconnected.
2023-01-15 03:57:14 - GetDataHandlers: INFO: Лемур authenticated successfully as user Лемур.
2023-01-15 03:57:15 - HandlerCollection`1: INFO: Лемур (194.28.176.47) from 'default' group joined. (3/8)
2023-01-15 03:57:15 - TShock: INFO: Broadcast: Лемур has joined.
2023-01-15 03:59:17 - Commands: INFO: Лемур executed: /tp zhidomasson.
2023-01-15 03:59:27 - Commands: INFO: 1000-7 executed: /tp zhidomasson.
2023-01-15 04:00:25 - SaveManager: INFO: Broadcast: Saving world...
2023-01-15 04:00:29 - StartHelper: INFO: Broadcast: World saved.
2023-01-15 04:00:29 - StartHelper: INFO: World saved at (tshock\backups\UEBKI.wld.2023-01-15T02.00.25Z.bak)
2023-01-15 04:00:29 - BackupManager: INFO: World backed up (tshock\backups\UEBKI.wld.2023-01-15T02.00.25Z.bak).
2023-01-15 04:00:49 - HandlerCollection`1: INFO: Broadcast: Лемур has left.
2023-01-15 04:00:49 - HandlerCollection`1: INFO: Лемур disconnected.
2023-01-15 04:00:56 - SaveManager: INFO: Broadcast: Saving world...
2023-01-15 04:00:57 - GetDataHandlers: INFO: Лемур authenticated successfully as user Лемур.
2023-01-15 04:00:59 - HandlerCollection`1: INFO: Лемур (194.28.176.47) from 'default' group joined. (3/8)
2023-01-15 04:00:59 - TShock: INFO: Broadcast: Лемур has joined.
2023-01-15 04:01:08 - HandlerCollection`1: INFO: Broadcast: Лемур has left.
2023-01-15 04:01:08 - HandlerCollection`1: INFO: Лемур disconnected.
2023-01-15 04:01:20 - GetDataHandlers: INFO: Лемур authenticated successfully as user Лемур.
2023-01-15 04:01:22 - HandlerCollection`1: INFO: Лемур (194.28.176.47) from 'default' group joined. (3/8)
2023-01-15 04:01:22 - TShock: INFO: Broadcast: Лемур has joined.
2023-01-15 04:01:39 - Commands: INFO: Лемур executed: /tp 1000-7.
2023-01-15 04:02:57 - HandlerCollection`1: INFO: Broadcast: Лемур has left.
2023-01-15 04:02:57 - HandlerCollection`1: INFO: Лемур disconnected.
2023-01-15 04:02:58 - TSPlayer: INFO: Player 1000-7 has been disabled for Reached projectile create threshold..
2023-01-15 04:03:00 - GetDataHandlers: INFO: Лемур authenticated successfully as user Лемур.
2023-01-15 04:03:02 - HandlerCollection`1: INFO: Лемур (194.28.176.47) from 'default' group joined. (3/8)
2023-01-15 04:03:02 - TShock: INFO: Broadcast: Лемур has joined.
2023-01-15 04:03:11 - Commands: INFO: Лемур executed: /tp zhidomasson.
2023-01-15 04:03:46 - TSPlayer: INFO: Player 1000-7 has been disabled for Reached projectile create threshold..
2023-01-15 04:04:00 - Commands: INFO: Лемур executed: /tp zhidomasson.
2023-01-15 04:04:03 - TSPlayer: INFO: Player 1000-7 has been disabled for Reached projectile create threshold..
2023-01-15 04:05:11 - Commands: INFO: zhidomasson executed: /TIME.
2023-01-15 04:05:13 - HandlerCollection`1: INFO: Broadcast: Лемур has left.
2023-01-15 04:05:13 - HandlerCollection`1: INFO: Лемур disconnected.
2023-01-15 04:05:43 - HandlerCollection`1: INFO: Broadcast: zhidomasson has left.
2023-01-15 04:05:43 - HandlerCollection`1: INFO: zhidomasson disconnected.
2023-01-15 04:08:07 - GetDataHandlers: INFO: zhidomasson authenticated successfully as user zhidomasson.
2023-01-15 04:08:08 - HandlerCollection`1: INFO: zhidomasson (192.168.0.104) from 'owner' group joined. (2/8)
2023-01-15 04:08:08 - TShock: INFO: Broadcast: zhidomasson has joined.
2023-01-15 04:09:04 - Commands: INFO: zhidomasson executed: /spawnboss skeletron.
2023-01-15 04:10:25 - SaveManager: INFO: Broadcast: Saving world...
2023-01-15 04:10:27 - StartHelper: INFO: Broadcast: World saved.
2023-01-15 04:10:27 - StartHelper: INFO: World saved at (tshock\backups\UEBKI.wld.2023-01-15T02.10.25Z.bak)
2023-01-15 04:10:27 - BackupManager: INFO: World backed up (tshock\backups\UEBKI.wld.2023-01-15T02.10.25Z.bak).
2023-01-15 04:10:56 - SaveManager: INFO: Broadcast: Saving world...
2023-01-15 04:11:32 - Commands: INFO: 1000-7 executed: /tp zhidomasson.
2023-01-15 04:11:52 - Commands: INFO: zhidomasson executed: /godmode.
2023-01-15 04:12:00 - Commands: INFO: zhidomasson executed: /godmode.
2023-01-15 04:13:21 - Commands: INFO: 1000-7 executed: /tp zhidomasson.
2023-01-15 04:14:18 - Commands: INFO: zhidomasson executed: /spawnboss skeletron.
2023-01-15 04:16:34 - Commands: INFO: zhidomasson executed: /tp 1000-7.
2023-01-15 04:17:57 - Commands: INFO: zhidomasson executed: /tp 1000-7.
2023-01-15 04:20:25 - SaveManager: INFO: Broadcast: Saving world...
2023-01-15 04:20:27 - StartHelper: INFO: Broadcast: World saved.
2023-01-15 04:20:27 - StartHelper: INFO: World saved at (tshock\backups\UEBKI.wld.2023-01-15T02.20.25Z.bak)
2023-01-15 04:20:27 - BackupManager: INFO: World backed up (tshock\backups\UEBKI.wld.2023-01-15T02.20.25Z.bak).
2023-01-15 04:20:56 - SaveManager: INFO: Broadcast: Saving world...
2023-01-15 04:30:25 - SaveManager: INFO: Broadcast: Saving world...
2023-01-15 04:30:27 - StartHelper: INFO: Broadcast: World saved.
2023-01-15 04:30:27 - StartHelper: INFO: World saved at (tshock\backups\UEBKI.wld.2023-01-15T02.30.25Z.bak)
2023-01-15 04:30:27 - BackupManager: INFO: World backed up (tshock\backups\UEBKI.wld.2023-01-15T02.30.25Z.bak).
2023-01-15 04:30:56 - SaveManager: INFO: Broadcast: Saving world...
2023-01-15 04:33:25 - Commands: INFO: zhidomasson executed: /group addperm default tshock.world.movenpc.
2023-01-15 04:39:18 - Commands: INFO: 1000-7 executed: /tp zhidomasson.
2023-01-15 04:40:25 - SaveManager: INFO: Broadcast: Saving world...
2023-01-15 04:40:29 - StartHelper: INFO: Broadcast: World saved.
2023-01-15 04:40:29 - StartHelper: INFO: World saved at (tshock\backups\UEBKI.wld.2023-01-15T02.40.25Z.bak)
2023-01-15 04:40:29 - BackupManager: INFO: World backed up (tshock\backups\UEBKI.wld.2023-01-15T02.40.25Z.bak).
2023-01-15 04:40:56 - SaveManager: INFO: Broadcast: Saving world...
2023-01-15 04:45:26 - GetDataHandlers: INFO: Лемур authenticated successfully as user Лемур.
2023-01-15 04:45:29 - HandlerCollection`1: INFO: Лемур (194.28.176.47) from 'default' group joined. (3/8)
2023-01-15 04:45:29 - TShock: INFO: Broadcast: Лемур has joined.
2023-01-15 04:45:40 - Commands: INFO: Лемур executed: /tp zhidomasson.
2023-01-15 04:50:09 - Commands: INFO: Лемур executed: /tp 1000-7.
2023-01-15 04:50:25 - SaveManager: INFO: Broadcast: Saving world...
2023-01-15 04:50:29 - StartHelper: INFO: Broadcast: World saved.
2023-01-15 04:50:29 - StartHelper: INFO: World saved at (tshock\backups\UEBKI.wld.2023-01-15T02.50.25Z.bak)
2023-01-15 04:50:29 - BackupManager: INFO: World backed up (tshock\backups\UEBKI.wld.2023-01-15T02.50.25Z.bak).
2023-01-15 04:50:56 - SaveManager: INFO: Broadcast: Saving world...
2023-01-15 04:58:53 - TSPlayer: INFO: Player 1000-7 has been disabled for Reached projectile create threshold..
2023-01-15 04:59:02 - HandlerCollection`1: INFO: Broadcast: Лемур has left.
2023-01-15 04:59:02 - HandlerCollection`1: INFO: Лемур disconnected.
2023-01-15 04:59:20 - Commands: INFO: 1000-7 executed: /tp zhidomasson.
2023-01-15 05:00:25 - SaveManager: INFO: Broadcast: Saving world...
2023-01-15 05:00:29 - StartHelper: INFO: Broadcast: World saved.
2023-01-15 05:00:29 - StartHelper: INFO: World saved at (tshock\backups\UEBKI.wld.2023-01-15T03.00.25Z.bak)
2023-01-15 05:00:29 - BackupManager: INFO: World backed up (tshock\backups\UEBKI.wld.2023-01-15T03.00.25Z.bak).
2023-01-15 05:00:56 - SaveManager: INFO: Broadcast: Saving world...
2023-01-15 05:09:39 - HandlerCollection`1: INFO: Broadcast: 1000-7 has left.
2023-01-15 05:09:39 - HandlerCollection`1: INFO: 1000-7 disconnected.
2023-01-15 05:10:17 - Commands: INFO: Server executed: /save.
2023-01-15 05:10:17 - SaveManager: INFO: Broadcast: Saving world...
2023-01-15 05:10:18 - StartHelper: INFO: Broadcast: World saved.
2023-01-15 05:10:18 - StartHelper: INFO: World saved at (C:\Users\Yehen\Documents\My Games\Terraria\Worlds\UEBKI.wld)
2023-01-15 05:10:25 - SaveManager: INFO: Broadcast: Saving world...
2023-01-15 05:10:27 - StartHelper: INFO: Broadcast: World saved.
2023-01-15 05:10:27 - StartHelper: INFO: World saved at (tshock\backups\UEBKI.wld.2023-01-15T03.10.25Z.bak)
2023-01-15 05:10:27 - BackupManager: INFO: World backed up (tshock\backups\UEBKI.wld.2023-01-15T03.10.25Z.bak).
2023-01-15 05:10:30 - HandlerCollection`1: INFO: Broadcast: zhidomasson has left.
2023-01-15 05:10:30 - HandlerCollection`1: INFO: zhidomasson disconnected.
2023-01-15 05:10:30 - SaveManager: INFO: Broadcast: Saving world...
2023-01-15 05:10:32 - StartHelper: INFO: Broadcast: World saved.
2023-01-15 05:10:32 - StartHelper: INFO: World saved at (C:\Users\Yehen\Documents\My Games\Terraria\Worlds\UEBKI.wld)
2023-01-15 05:11:32 - Commands: INFO: Server executed: /save.
2023-01-15 05:11:32 - SaveManager: INFO: Broadcast: Saving world...
2023-01-15 05:11:34 - StartHelper: INFO: Broadcast: World saved.
2023-01-15 05:11:34 - StartHelper: INFO: World saved at (C:\Users\Yehen\Documents\My Games\Terraria\Worlds\UEBKI.wld)
