2023-01-13 20:47:11 - TShock: INFO: TShock 5.1.3.0 (Thank you, everyone, for your support of TShock all these years! <3) now running.
2023-01-13 20:47:11 - TShock: INFO: AutoSave Enabled
2023-01-13 20:47:11 - TShock: INFO: Backups Enabled
2023-01-13 20:47:11 - TShock: INFO: Welcome to TShock for Terraria!
2023-01-13 20:47:11 - TShock: INFO: TShock comes with no warranty & is free software.
2023-01-13 20:47:11 - TShock: INFO: You can modify & distribute it under the terms of the GNU GPLv3.
2023-01-13 20:48:12 - TShock: INFO: Login before join enabled. Users may be prompted for an account specific password instead of a server password on connect.
2023-01-13 20:48:12 - TShock: INFO: Login using UUID enabled. Users automatically login via UUID.
2023-01-13 20:48:12 - TShock: INFO: A malicious server can easily steal a user's UUID. You may consider turning this option off if you run a public server.
2023-01-13 20:48:12 - TShock: INFO: An account has been detected in the user database, but setup-code.txt is still present.
2023-01-13 20:48:12 - TShock: INFO: TShock will now disable the initial setup system and remove setup-code.txt as it is no longer needed.
2023-01-13 20:55:02 - GetDataHandlers: INFO: zhidomasson authenticated successfully as user zhidomasson.
2023-01-13 20:55:03 - TShock: INFO: zhidomasson (5.58.144.73) from 'owner' group joined. (1/8)
2023-01-13 20:55:03 - Utils: INFO: Broadcast: zhidomasson has joined.
2023-01-13 20:55:18 - Utils: INFO: zhidomasson executed: /godmode.
2023-01-13 20:55:39 - Utils: INFO: Broadcast: zhidomasson: 5.58.144.73
2023-01-13 20:55:46 - Utils: INFO: Broadcast: zhidomasson: god mode
2023-01-13 20:56:01 - Utils: INFO: zhidomasson executed: /godmode.
2023-01-13 20:57:11 - Utils: INFO: Broadcast: Saving world...
2023-01-13 20:57:13 - Utils: INFO: Broadcast: World saved.
2023-01-13 20:57:13 - SaveManager: INFO: World saved at (tshock\backups\UEBKI.wld.2023-01-13T18.57.10Z.bak)
2023-01-13 20:57:13 - BackupManager: INFO: World backed up (tshock\backups\UEBKI.wld.2023-01-13T18.57.10Z.bak).
2023-01-13 21:02:51 - Utils: INFO: zhidomasson executed: /give 13.
2023-01-13 21:03:29 - Utils: INFO: zhidomasson executed: /give 13 60.
2023-01-13 21:04:12 - Utils: INFO: zhidomasson executed: /give 13 zhidomasson 62.
2023-01-13 21:04:40 - Utils: INFO: zhidomasson executed: /give 13 zhidomasson 60.
2023-01-13 21:04:42 - Utils: INFO: zhidomasson executed: /give 13 zhidomasson 60.
2023-01-13 21:05:02 - Utils: INFO: Broadcast: Saving world...
2023-01-13 21:06:44 - Utils: INFO: zhidomasson executed: /give 705 zhidomasson 60.
2023-01-13 21:07:11 - Utils: INFO: Broadcast: Saving world...
2023-01-13 21:07:12 - Utils: INFO: Broadcast: World saved.
2023-01-13 21:07:12 - SaveManager: INFO: World saved at (tshock\backups\UEBKI.wld.2023-01-13T19.07.11Z.bak)
2023-01-13 21:07:12 - BackupManager: INFO: World backed up (tshock\backups\UEBKI.wld.2023-01-13T19.07.11Z.bak).
2023-01-13 21:08:06 - Utils: INFO: zhidomasson executed: /give 20 zhidomasson 43.
2023-01-13 21:08:45 - Utils: INFO: zhidomasson executed: /give 703 zhidomasson 43.
2023-01-13 21:10:58 - Utils: INFO: zhidomasson executed: /give 28 zhidomasson 23.
2023-01-13 21:13:37 - Utils: INFO: zhidomasson executed: /SAVE.
2023-01-13 21:13:37 - Utils: INFO: Broadcast: Saving world...
2023-01-13 21:13:40 - Utils: INFO: Broadcast: World saved.
2023-01-13 21:13:40 - SaveManager: INFO: World saved at (C:\Users\Yehen\Documents\My Games\Terraria\Worlds\UEBKI.wld)
2023-01-13 21:13:44 - Utils: INFO: zhidomasson executed: /STOP.
2023-01-13 21:13:44 - Utils: INFO: Broadcast: Saving world...
2023-01-13 21:13:46 - Utils: INFO: Broadcast: World saved.
2023-01-13 21:13:46 - SaveManager: INFO: World saved at (C:\Users\Yehen\Documents\My Games\Terraria\Worlds\UEBKI.wld)
2023-01-13 21:13:46 - Utils: INFO: Broadcast: Server shutting down!
2023-01-13 21:13:46 - Utils: INFO: Broadcast: Saving world...
